Build started 2013.07.12. 22:56:22.
     1>Project "E:\BME\SCH-GameDev\Space-Blaster---X\vs2012\ph0ng.vcxproj" on node 2 (Build target(s)).
     1>ClCompile:
         E:\Programfájlok (x86)\Microsoft Visual Studio 11.0\VC\bin\CL.exe /c /ZI /nologo /W3 /WX- /Od /Oy- /D WIN32 /D SFML_STATIC /D _DEBUG /D _WINDOWS /D _UNICODE /D UNICODE /Gm /EHsc /RTC1 /MDd /GS /fp:precise /Zc:wchar_t /Zc:forScope /Fo"Debug\\" /Fd"Debug\vc110.pdb" /Gd /TP /analyze- /errorReport:prompt ..\src\game.cpp ..\src\inGameState.cpp ..\src\player.cpp
         player.cpp
     1>e:\bme\sch-gamedev\space-blaster---x\mymath\mm_common.h(41): warning C4244: 'return' : conversion from 'int' to 'float', possible loss of data
         inGameState.cpp
     1>e:\bme\sch-gamedev\space-blaster---x\mymath\mm_common.h(41): warning C4244: 'return' : conversion from 'int' to 'float', possible loss of data
         game.cpp
     1>e:\bme\sch-gamedev\space-blaster---x\mymath\mm_common.h(41): warning C4244: 'return' : conversion from 'int' to 'float', possible loss of data
     1>e:\bme\sch-gamedev\space-blaster---x\src\game.cpp(69): warning C4018: '<' : signed/unsigned mismatch
         Generating Code...
       Link:
         E:\Programfájlok (x86)\Microsoft Visual Studio 11.0\VC\bin\link.exe /ERRORREPORT:PROMPT /OUT:"E:\BME\SCH-GameDev\Space-Blaster---X\vs2012\Debug\Space blaster 2.0.exe" /INCREMENTAL /NOLOGO kernel32.lib user32.lib gdi32.lib winspool.lib comdlg32.lib advapi32.lib shell32.lib ole32.lib oleaut32.lib uuid.lib odbc32.lib odbccp32.lib "sfml-audio-s-d.lib" "sfml-graphics-s-d.lib" "sfml-main-d.lib" "sfml-system-s-d.lib" "sfml-window-s-d.lib" kernel32.lib user32.lib gdi32.lib winspool.lib comdlg32.lib advapi32.lib shell32.lib ole32.lib oleaut32.lib uuid.lib odbc32.lib odbccp32.lib /MANIFEST /MANIFESTUAC:"level='asInvoker' uiAccess='false'" /manifest:embed /DEBUG /PDB:"E:\BME\SCH-GameDev\Space-Blaster---X\vs2012\Debug\Space blaster 2.0.pdb" /SUBSYSTEM:WINDOWS /TLBID:1 /DYNAMICBASE /NXCOMPAT /IMPLIB:"E:\BME\SCH-GameDev\Space-Blaster---X\vs2012\Debug\Space blaster 2.0.lib" /MACHINE:X86 Debug\Asteroid.obj
         Debug\bullet.obj
         Debug\Collusion.obj
         Debug\game.obj
         Debug\GameObject.obj
         Debug\Globals.obj
         Debug\inGameState.obj
         Debug\main.obj
         Debug\player.obj
         Debug\Ship.obj
         Debug\Window.obj
     1>GameObject.obj : error LNK2005: "class MainWindow * Globals::window" (?window@Globals@@3PAVMainWindow@@A) already defined in game.obj
     1>Globals.obj : error LNK2005: "class MainWindow * Globals::window" (?window@Globals@@3PAVMainWindow@@A) already defined in game.obj
     1>inGameState.obj : error LNK2005: "class MainWindow * Globals::window" (?window@Globals@@3PAVMainWindow@@A) already defined in game.obj
     1>main.obj : error LNK2005: "class MainWindow * Globals::window" (?window@Globals@@3PAVMainWindow@@A) already defined in game.obj
     1>player.obj : error LNK2005: "class MainWindow * Globals::window" (?window@Globals@@3PAVMainWindow@@A) already defined in game.obj
     1>E:\BME\SCH-GameDev\Space-Blaster---X\vs2012\Debug\Space blaster 2.0.exe : fatal error LNK1169: one or more multiply defined symbols found
     1>Done Building Project "E:\BME\SCH-GameDev\Space-Blaster---X\vs2012\ph0ng.vcxproj" (Build target(s)) -- FAILED.

Build FAILED.

Time Elapsed 00:00:08.13
