E:\BME\SCH-GAMEDEV\PH0NG\VS2012\DEBUG\BALL.CPP.NATIVECODEANALYSIS.XML
E:\BME\SCH-GAMEDEV\PH0NG\VS2012\DEBUG\BALL.OBJ
E:\BME\SCH-GAMEDEV\PH0NG\VS2012\DEBUG\VC110.PDB
E:\BME\SCH-GAMEDEV\PH0NG\VS2012\DEBUG\COLLUSION.CPP.NATIVECODEANALYSIS.XML
E:\BME\SCH-GAMEDEV\PH0NG\VS2012\DEBUG\COLLUSION.OBJ
E:\BME\SCH-GAMEDEV\PH0NG\VS2012\DEBUG\GAME.CPP.NATIVECODEANALYSIS.XML
E:\BME\SCH-GAMEDEV\PH0NG\VS2012\DEBUG\GAME.OBJ
E:\BME\SCH-GAMEDEV\PH0NG\VS2012\DEBUG\INGAMESTATE.CPP.NATIVECODEANALYSIS.XML
E:\BME\SCH-GAMEDEV\PH0NG\VS2012\DEBUG\INGAMESTATE.OBJ
E:\BME\SCH-GAMEDEV\PH0NG\VS2012\DEBUG\MAIN.CPP.NATIVECODEANALYSIS.XML
E:\BME\SCH-GAMEDEV\PH0NG\VS2012\DEBUG\MAIN.OBJ
E:\BME\SCH-GAMEDEV\PH0NG\VS2012\DEBUG\PLAYER.CPP.NATIVECODEANALYSIS.XML
E:\BME\SCH-GAMEDEV\PH0NG\VS2012\DEBUG\PLAYER.OBJ
E:\BME\SCH-GAMEDEV\PH0NG\VS2012\DEBUG\PH0NG.ILK
E:\BME\SCH-GAMEDEV\PH0NG\VS2012\DEBUG\PH0NG.EXE
E:\BME\SCH-GAMEDEV\PH0NG\VS2012\DEBUG\PH0NG.PDB
E:\BME\SCH-GameDev\Ph0NG\vs2012\Debug\ball.obj
E:\BME\SCH-GameDev\Ph0NG\vs2012\Debug\Collusion.obj
E:\BME\SCH-GameDev\Ph0NG\vs2012\Debug\game.obj
E:\BME\SCH-GameDev\Ph0NG\vs2012\Debug\inGameState.obj
E:\BME\SCH-GameDev\Ph0NG\vs2012\Debug\main.obj
E:\BME\SCH-GameDev\Ph0NG\vs2012\Debug\player.obj
E:\BME\SCH-GameDev\Ph0NG\vs2012\Debug\ph0ng.ilk
E:\BME\SCH-GameDev\Ph0NG\vs2012\Debug\cl.command.1.tlog
E:\BME\SCH-GameDev\Ph0NG\vs2012\Debug\CL.read.1.tlog
E:\BME\SCH-GameDev\Ph0NG\vs2012\Debug\CL.write.1.tlog
E:\BME\SCH-GameDev\Ph0NG\vs2012\Debug\link-cvtres.read.1.tlog
E:\BME\SCH-GameDev\Ph0NG\vs2012\Debug\link-cvtres.write.1.tlog
E:\BME\SCH-GameDev\Ph0NG\vs2012\Debug\link-rc.read.1.tlog
E:\BME\SCH-GameDev\Ph0NG\vs2012\Debug\link-rc.write.1.tlog
E:\BME\SCH-GameDev\Ph0NG\vs2012\Debug\link.command.1.tlog
E:\BME\SCH-GameDev\Ph0NG\vs2012\Debug\link.read.1.tlog
E:\BME\SCH-GameDev\Ph0NG\vs2012\Debug\link.write.1.tlog
E:\BME\SCH-GameDev\Ph0NG\vs2012\Debug\NativeCodeAnalysis.read.1.tlog
E:\BME\SCH-GameDev\Ph0NG\vs2012\Debug\vc110.idb
E:\BME\SCH-GameDev\Ph0NG\vs2012\Debug\ph0ng.pdb
E:\BME\SCH-GameDev\Ph0NG\vs2012\Debug\vc110.pdb
E:\BME\SCH-GameDev\Ph0NG\vs2012\Debug\ball.cpp.nativecodeanalysis.xml
E:\BME\SCH-GameDev\Ph0NG\vs2012\Debug\Collusion.cpp.nativecodeanalysis.xml
E:\BME\SCH-GameDev\Ph0NG\vs2012\Debug\game.cpp.nativecodeanalysis.xml
E:\BME\SCH-GameDev\Ph0NG\vs2012\Debug\inGameState.cpp.nativecodeanalysis.xml
E:\BME\SCH-GameDev\Ph0NG\vs2012\Debug\main.cpp.nativecodeanalysis.xml
E:\BME\SCH-GameDev\Ph0NG\vs2012\Debug\player.cpp.nativecodeanalysis.xml
E:\BME\SCH-GameDev\Ph0NG\vs2012\Debug\vc.nativecodeanalysis.all.xml
E:\BME\SCH-GameDev\Ph0NG\vs2012\Debug\ph0ng.exe
E:\BME\SCH-GameDev\Ph0NG\vs2012\Debug\ph0ng.exe.lastcodeanalysissucceeded
