e:\bme\sch-gamedev\space-blaster---x\vs2012\debug\animatedsprite.obj
e:\bme\sch-gamedev\space-blaster---x\vs2012\debug\animation.obj
e:\bme\sch-gamedev\space-blaster---x\vs2012\debug\bullet.obj
e:\bme\sch-gamedev\space-blaster---x\vs2012\debug\buttom.obj
e:\bme\sch-gamedev\space-blaster---x\vs2012\debug\collusion.obj
e:\bme\sch-gamedev\space-blaster---x\vs2012\debug\game.obj
e:\bme\sch-gamedev\space-blaster---x\vs2012\debug\gameobject.obj
e:\bme\sch-gamedev\space-blaster---x\vs2012\debug\globals.obj
e:\bme\sch-gamedev\space-blaster---x\vs2012\debug\logfile.obj
e:\bme\sch-gamedev\space-blaster---x\vs2012\debug\main.obj
e:\bme\sch-gamedev\space-blaster---x\vs2012\debug\menustate.obj
e:\bme\sch-gamedev\space-blaster---x\vs2012\debug\moviestate.obj
e:\bme\sch-gamedev\space-blaster---x\vs2012\debug\player.obj
e:\bme\sch-gamedev\space-blaster---x\vs2012\debug\random.obj
e:\bme\sch-gamedev\space-blaster---x\vs2012\debug\window.obj
e:\bme\sch-gamedev\space-blaster---x\vs2012\debug\zombi.obj
e:\bme\sch-gamedev\space-blaster---x\vs2012\debug\vc110.pdb
e:\bme\sch-gamedev\space-blaster---x\vs2012\debug\network.obj
e:\bme\sch-gamedev\space-blaster---x\vs2012\debug\ingamestate.obj
e:\bme\sch-gamedev\space-blaster---x\vs2012\debug\text.obj
e:\bme\sch-gamedev\space-blaster---x\vs2012\debug\camera.obj
e:\bme\sch-gamedev\space-blaster---x\vs2012\debug\level.obj
e:\bme\sch-gamedev\space-blaster---x\vs2012\debug\zombisch.ilk
e:\bme\sch-gamedev\space-blaster---x\vs2012\debug\zombisch.exe
e:\bme\sch-gamedev\space-blaster---x\vs2012\debug\zombisch.pdb
f:\dropbox\bme\sch-gamedev\space-blaster---x\vs2012\debug\vc120.pdb
f:\dropbox\bme\sch-gamedev\space-blaster---x\vs2012\debug\vc120.idb
f:\dropbox\bme\sch-gamedev\space-blaster---x\vs2012\debug\bullet.obj
f:\dropbox\bme\sch-gamedev\space-blaster---x\vs2012\debug\buttom.obj
f:\dropbox\bme\sch-gamedev\space-blaster---x\vs2012\debug\camera.obj
f:\dropbox\bme\sch-gamedev\space-blaster---x\vs2012\debug\collusion.obj
f:\dropbox\bme\sch-gamedev\space-blaster---x\vs2012\debug\game.obj
f:\dropbox\bme\sch-gamedev\space-blaster---x\vs2012\debug\gameobject.obj
f:\dropbox\bme\sch-gamedev\space-blaster---x\vs2012\debug\globals.obj
f:\dropbox\bme\sch-gamedev\space-blaster---x\vs2012\debug\ingamestate.obj
f:\dropbox\bme\sch-gamedev\space-blaster---x\vs2012\debug\level.obj
f:\dropbox\bme\sch-gamedev\space-blaster---x\vs2012\debug\logfile.obj
f:\dropbox\bme\sch-gamedev\space-blaster---x\vs2012\debug\main.obj
f:\dropbox\bme\sch-gamedev\space-blaster---x\vs2012\debug\menustate.obj
f:\dropbox\bme\sch-gamedev\space-blaster---x\vs2012\debug\moviestate.obj
f:\dropbox\bme\sch-gamedev\space-blaster---x\vs2012\debug\network.obj
f:\dropbox\bme\sch-gamedev\space-blaster---x\vs2012\debug\player.obj
f:\dropbox\bme\sch-gamedev\space-blaster---x\vs2012\debug\random.obj
f:\dropbox\bme\sch-gamedev\space-blaster---x\vs2012\debug\text.obj
f:\dropbox\bme\sch-gamedev\space-blaster---x\vs2012\debug\tile.obj
f:\dropbox\bme\sch-gamedev\space-blaster---x\vs2012\debug\window.obj
f:\dropbox\bme\sch-gamedev\space-blaster---x\vs2012\debug\zombi.obj
f:\dropbox\bme\sch-gamedev\space-blaster---x\vs2012\debug\animatedsprite.obj
f:\dropbox\bme\sch-gamedev\space-blaster---x\vs2012\debug\animation.obj
f:\dropbox\bme\sch-gamedev\space-blaster---x\vs2012\debug\zombisch.ilk
f:\dropbox\bme\sch-gamedev\space-blaster---x\vs2012\debug\zombisch.exe
f:\dropbox\bme\sch-gamedev\space-blaster---x\vs2012\debug\zombisch.pdb
f:\dropbox\bme\sch-gamedev\space-blaster---x\vs2012\debug\cl.command.1.tlog
f:\dropbox\bme\sch-gamedev\space-blaster---x\vs2012\debug\cl.read.1.tlog
f:\dropbox\bme\sch-gamedev\space-blaster---x\vs2012\debug\cl.write.1.tlog
f:\dropbox\bme\sch-gamedev\space-blaster---x\vs2012\debug\link-cvtres.read.1.tlog
f:\dropbox\bme\sch-gamedev\space-blaster---x\vs2012\debug\link-cvtres.write.1.tlog
f:\dropbox\bme\sch-gamedev\space-blaster---x\vs2012\debug\link-rc.read.1.tlog
f:\dropbox\bme\sch-gamedev\space-blaster---x\vs2012\debug\link-rc.write.1.tlog
f:\dropbox\bme\sch-gamedev\space-blaster---x\vs2012\debug\link.3468-cvtres.read.1.tlog
f:\dropbox\bme\sch-gamedev\space-blaster---x\vs2012\debug\link.3468-cvtres.write.1.tlog
f:\dropbox\bme\sch-gamedev\space-blaster---x\vs2012\debug\link.3468-rc.read.1.tlog
f:\dropbox\bme\sch-gamedev\space-blaster---x\vs2012\debug\link.3468-rc.write.1.tlog
f:\dropbox\bme\sch-gamedev\space-blaster---x\vs2012\debug\link.3468.read.1.tlog
f:\dropbox\bme\sch-gamedev\space-blaster---x\vs2012\debug\link.3468.read.2.tlog
f:\dropbox\bme\sch-gamedev\space-blaster---x\vs2012\debug\link.3468.write.1.tlog
f:\dropbox\bme\sch-gamedev\space-blaster---x\vs2012\debug\link.5660-cvtres.read.1.tlog
f:\dropbox\bme\sch-gamedev\space-blaster---x\vs2012\debug\link.5660-cvtres.write.1.tlog
f:\dropbox\bme\sch-gamedev\space-blaster---x\vs2012\debug\link.5660-rc.read.1.tlog
f:\dropbox\bme\sch-gamedev\space-blaster---x\vs2012\debug\link.5660-rc.write.1.tlog
f:\dropbox\bme\sch-gamedev\space-blaster---x\vs2012\debug\link.5660.read.1.tlog
f:\dropbox\bme\sch-gamedev\space-blaster---x\vs2012\debug\link.5660.read.2.tlog
f:\dropbox\bme\sch-gamedev\space-blaster---x\vs2012\debug\link.5660.write.1.tlog
f:\dropbox\bme\sch-gamedev\space-blaster---x\vs2012\debug\link.command.1.tlog
f:\dropbox\bme\sch-gamedev\space-blaster---x\vs2012\debug\link.read.1.tlog
f:\dropbox\bme\sch-gamedev\space-blaster---x\vs2012\debug\link.read.2.tlog
f:\dropbox\bme\sch-gamedev\space-blaster---x\vs2012\debug\link.write.1.tlog
f:\dropbox\bme\sch-gamedev\space-blaster---x\vs2012\debug\vc110.idb
f:\dropbox\bme\sch-gamedev\space-blaster---x\vs2012\debug\vc110.pdb
f:\dropbox\bme\sch-gamedev\space-blaster---x\vs2012\debug\zombisch.tlog\cl.command.1.tlog
f:\dropbox\bme\sch-gamedev\space-blaster---x\vs2012\debug\zombisch.tlog\cl.read.1.tlog
f:\dropbox\bme\sch-gamedev\space-blaster---x\vs2012\debug\zombisch.tlog\cl.write.1.tlog
f:\dropbox\bme\sch-gamedev\space-blaster---x\vs2012\debug\zombisch.tlog\link.command.1.tlog
f:\dropbox\bme\sch-gamedev\space-blaster---x\vs2012\debug\zombisch.tlog\link.read.1.tlog
f:\dropbox\bme\sch-gamedev\space-blaster---x\vs2012\debug\zombisch.tlog\link.write.1.tlog
