Build started 2014.01.21. 13:24:43.
     1>Project "F:\Github\Space-Blaster---X\Space-Blaster---X\vs2012\ph0ng.vcxproj" on node 2 (Rebuild target(s)).
     1>ClCompile:
         F:\Program Files (x86)\Microsoft Visual Studio 12.0\VC\bin\CL.exe /c /I"F:\Github\Space-Blaster---X\Space-Blaster---X\vs2012\..\src\sfe\include" /I"F:\Github\Space-Blaster---X\Space-Blaster---X\vs2012\..\src\SFML\include" /Zi /nologo /W3 /WX- /O2 /Oi /Oy- /GL /D SFML_DYNAMIC /D WIN32 /D NDEBUG /D _WINDOWS /D _UNICODE /D UNICODE /Gm- /EHsc /MD /GS /Gy /fp:precise /Zc:wchar_t /Zc:forScope /Fo"Release\\" /Fd"Release\vc120.pdb" /Gd /TP /analyze- /errorReport:prompt ..\src\AnimatedSprite.cpp ..\src\Animation.cpp ..\src\bullet.cpp ..\src\Buttom.cpp ..\src\Camera.cpp ..\src\Collusion.cpp ..\src\game.cpp ..\src\GameObject.cpp ..\src\Globals.cpp ..\src\inGameState.cpp ..\src\Level.cpp ..\src\logfile.cpp ..\src\main.cpp ..\src\MenuState.cpp ..\src\MovieState.cpp ..\src\Network.cpp ..\src\player.cpp ..\src\Random.cpp ..\src\Text.cpp ..\src\Tile.cpp ..\src\Window.cpp ..\src\Zombi.cpp
         AnimatedSprite.cpp
     1>f:\github\space-blaster---x\space-blaster---x\src\AnimatedSprite.hpp(38): warning C4305: 'argument' : truncation from 'double' to 'float'
     1>..\src\AnimatedSprite.cpp(112): warning C4244: 'argument' : conversion from 'int' to 'float', possible loss of data
     1>..\src\AnimatedSprite.cpp(113): warning C4244: 'argument' : conversion from 'int' to 'float', possible loss of data
     1>..\src\AnimatedSprite.cpp(114): warning C4244: 'argument' : conversion from 'int' to 'float', possible loss of data
     1>..\src\AnimatedSprite.cpp(116): warning C4244: 'initializing' : conversion from 'double' to 'float', possible loss of data
         Animation.cpp
         bullet.cpp
     1>f:\github\space-blaster---x\space-blaster---x\src\mymath\mm_common.h(41): warning C4244: 'return' : conversion from 'int' to 'float', possible loss of data
         Buttom.cpp
     1>f:\github\space-blaster---x\space-blaster---x\src\mymath\mm_common.h(41): warning C4244: 'return' : conversion from 'int' to 'float', possible loss of data
     1>..\src\Buttom.cpp(25): warning C4305: 'argument' : truncation from 'double' to 'float'
         Camera.cpp
     1>f:\github\space-blaster---x\space-blaster---x\src\mymath\mm_common.h(41): warning C4244: 'return' : conversion from 'int' to 'float', possible loss of data
         Collusion.cpp
     1>..\src\Collusion.cpp(70): warning C4244: 'initializing' : conversion from 'float' to 'int', possible loss of data
     1>..\src\Collusion.cpp(71): warning C4244: 'initializing' : conversion from 'float' to 'int', possible loss of data
     1>..\src\Collusion.cpp(73): warning C4244: 'argument' : conversion from 'int' to 'float', possible loss of data
     1>..\src\Collusion.cpp(74): warning C4244: 'argument' : conversion from 'int' to 'float', possible loss of data
     1>..\src\Collusion.cpp(136): warning C4244: 'initializing' : conversion from 'double' to 'float', possible loss of data
     1>..\src\Collusion.cpp(137): warning C4244: 'initializing' : conversion from 'double' to 'float', possible loss of data
     1>..\src\Collusion.cpp(145): warning C4244: 'initializing' : conversion from 'const double' to 'float', possible loss of data
         game.cpp
     1>f:\github\space-blaster---x\space-blaster---x\src\mymath\mm_common.h(41): warning C4244: 'return' : conversion from 'int' to 'float', possible loss of data
     1>..\src\game.cpp(15): warning C4996: 'localtime': This function or variable may be unsafe. Consider using localtime_s instead. To disable deprecation, use _CRT_SECURE_NO_WARNINGS. See online help for details.
                 F:\Program Files (x86)\Microsoft Visual Studio 12.0\VC\include\time.inl(112) : see declaration of 'localtime'
     1>..\src\game.cpp(17): warning C4996: 'asctime': This function or variable may be unsafe. Consider using asctime_s instead. To disable deprecation, use _CRT_SECURE_NO_WARNINGS. See online help for details.
                 F:\Program Files (x86)\Microsoft Visual Studio 12.0\VC\include\time.h(174) : see declaration of 'asctime'
     1>..\src\game.cpp(43): warning C4018: '<' : signed/unsigned mismatch
         GameObject.cpp
     1>f:\github\space-blaster---x\space-blaster---x\src\mymath\mm_common.h(41): warning C4244: 'return' : conversion from 'int' to 'float', possible loss of data
         Globals.cpp
     1>f:\github\space-blaster---x\space-blaster---x\src\mymath\mm_common.h(41): warning C4244: 'return' : conversion from 'int' to 'float', possible loss of data
     1>..\src\Globals.cpp(32): warning C4996: 'fopen': This function or variable may be unsafe. Consider using fopen_s instead. To disable deprecation, use _CRT_SECURE_NO_WARNINGS. See online help for details.
                 F:\Program Files (x86)\Microsoft Visual Studio 12.0\VC\include\stdio.h(211) : see declaration of 'fopen'
     1>..\src\Globals.cpp(38): warning C4996: 'fscanf': This function or variable may be unsafe. Consider using fscanf_s instead. To disable deprecation, use _CRT_SECURE_NO_WARNINGS. See online help for details.
                 F:\Program Files (x86)\Microsoft Visual Studio 12.0\VC\include\stdio.h(230) : see declaration of 'fscanf'
     1>..\src\Globals.cpp(39): warning C4996: 'fscanf': This function or variable may be unsafe. Consider using fscanf_s instead. To disable deprecation, use _CRT_SECURE_NO_WARNINGS. See online help for details.
                 F:\Program Files (x86)\Microsoft Visual Studio 12.0\VC\include\stdio.h(230) : see declaration of 'fscanf'
         inGameState.cpp
     1>f:\github\space-blaster---x\space-blaster---x\src\mymath\mm_common.h(41): warning C4244: 'return' : conversion from 'int' to 'float', possible loss of data
     1>..\src\inGameState.cpp(25): warning C4018: '<' : signed/unsigned mismatch
     1>..\src\inGameState.cpp(31): warning C4018: '<' : signed/unsigned mismatch
     1>..\src\inGameState.cpp(44): warning C4018: '<' : signed/unsigned mismatch
     1>..\src\inGameState.cpp(50): warning C4018: '<' : signed/unsigned mismatch
     1>..\src\inGameState.cpp(61): warning C4018: '<' : signed/unsigned mismatch
     1>..\src\inGameState.cpp(79): warning C4018: '<' : signed/unsigned mismatch
     1>..\src\inGameState.cpp(144): warning C4018: '<' : signed/unsigned mismatch
     1>..\src\inGameState.cpp(147): warning C4018: '<' : signed/unsigned mismatch
         Level.cpp
     1>f:\github\space-blaster---x\space-blaster---x\src\mymath\mm_common.h(41): warning C4244: 'return' : conversion from 'int' to 'float', possible loss of data
     1>..\src\Level.cpp(14): warning C4172: returning address of local variable or temporary
     1>..\src\Level.cpp(28): warning C4172: returning address of local variable or temporary
     1>..\src\Level.cpp(49): warning C4018: '<' : signed/unsigned mismatch
         logfile.cpp
         main.cpp
     1>f:\github\space-blaster---x\space-blaster---x\src\mymath\mm_common.h(41): warning C4244: 'return' : conversion from 'int' to 'float', possible loss of data
         MenuState.cpp
     1>f:\github\space-blaster---x\space-blaster---x\src\mymath\mm_common.h(41): warning C4244: 'return' : conversion from 'int' to 'float', possible loss of data
     1>..\src\MenuState.cpp(14): warning C4305: 'argument' : truncation from 'double' to 'float'
     1>..\src\MenuState.cpp(37): warning C4018: '<' : signed/unsigned mismatch
     1>..\src\MenuState.cpp(46): warning C4018: '<' : signed/unsigned mismatch
     1>..\src\MenuState.cpp(102): warning C4018: '<' : signed/unsigned mismatch
         MovieState.cpp
     1>f:\github\space-blaster---x\space-blaster---x\src\mymath\mm_common.h(41): warning C4244: 'return' : conversion from 'int' to 'float', possible loss of data
         Network.cpp
     1>f:\github\space-blaster---x\space-blaster---x\src\mymath\mm_common.h(41): warning C4244: 'return' : conversion from 'int' to 'float', possible loss of data
         player.cpp
     1>f:\github\space-blaster---x\space-blaster---x\src\mymath\mm_common.h(41): warning C4244: 'return' : conversion from 'int' to 'float', possible loss of data
         Random.cpp
     1>..\src\Random.cpp(5): warning C4244: 'argument' : conversion from 'time_t' to 'unsigned int', possible loss of data
         Text.cpp
     1>f:\github\space-blaster---x\space-blaster---x\src\mymath\mm_common.h(41): warning C4244: 'return' : conversion from 'int' to 'float', possible loss of data
         Tile.cpp
     1>f:\github\space-blaster---x\space-blaster---x\src\mymath\mm_common.h(41): warning C4244: 'return' : conversion from 'int' to 'float', possible loss of data
         Compiling...
         Window.cpp
     1>f:\github\space-blaster---x\space-blaster---x\src\mymath\mm_common.h(41): warning C4244: 'return' : conversion from 'int' to 'float', possible loss of data
         Zombi.cpp
     1>f:\github\space-blaster---x\space-blaster---x\src\mymath\mm_common.h(41): warning C4244: 'return' : conversion from 'int' to 'float', possible loss of data
       Link:
         F:\Program Files (x86)\Microsoft Visual Studio 12.0\VC\bin\link.exe /ERRORREPORT:PROMPT /OUT:"F:\Github\Space-Blaster---X\Space-Blaster---X\vs2012\Release\Zombisch.exe" /INCREMENTAL:NO /NOLOGO /LIBPATH:"F:\Github\Space-Blaster---X\Space-Blaster---X\vs2012\..\src\SFML\lib" /LIBPATH:"F:\Github\Space-Blaster---X\Space-Blaster---X\vs2012\..\src\sfe\lib" /WX:NO kernel32.lib user32.lib gdi32.lib winspool.lib comdlg32.lib advapi32.lib shell32.lib ole32.lib oleaut32.lib uuid.lib odbc32.lib odbccp32.lib sfeMovie.lib "sfml-main.lib" "sfml-audio.lib" "sfml-graphics.lib" "sfml-window.lib" "sfml-network.lib" "sfml-system.lib" /MANIFEST /MANIFESTUAC:"level='asInvoker' uiAccess='false'" /manifest:embed /DEBUG /PDB:"F:\Github\Space-Blaster---X\Space-Blaster---X\vs2012\Release\Zombisch.pdb" /SUBSYSTEM:WINDOWS /OPT:REF /OPT:ICF /LTCG /TLBID:1 /DYNAMICBASE /NXCOMPAT /IMPLIB:"F:\Github\Space-Blaster---X\Space-Blaster---X\vs2012\Release\Zombisch.lib" /MACHINE:X86 /SAFESEH Release\AnimatedSprite.obj
         Release\Animation.obj
         Release\bullet.obj
         Release\Buttom.obj
         Release\Camera.obj
         Release\Collusion.obj
         Release\game.obj
         Release\GameObject.obj
         Release\Globals.obj
         Release\inGameState.obj
         Release\Level.obj
         Release\logfile.obj
         Release\main.obj
         Release\MenuState.obj
         Release\MovieState.obj
         Release\Network.obj
         Release\player.obj
         Release\Random.obj
         Release\Text.obj
         Release\Tile.obj
         Release\Window.obj
         Release\Zombi.obj
         Generating code
         Finished generating code
         ph0ng.vcxproj -> F:\Github\Space-Blaster---X\Space-Blaster---X\vs2012\Release\Zombisch.exe
     1>Done Building Project "F:\Github\Space-Blaster---X\Space-Blaster---X\vs2012\ph0ng.vcxproj" (Rebuild target(s)).

Build succeeded.

Time Elapsed 00:00:26.35
