E:\BME\SCH-GAMEDEV\SPACE-BLASTER---X\VS2012\RELEASE\WINDOW.OBJ
E:\BME\SCH-GAMEDEV\SPACE-BLASTER---X\VS2012\RELEASE\MENUSTATE.OBJ
E:\BME\SCH-GAMEDEV\SPACE-BLASTER---X\VS2012\RELEASE\PLAYER.OBJ
E:\BME\SCH-GAMEDEV\SPACE-BLASTER---X\VS2012\RELEASE\INGAMESTATE.OBJ
E:\BME\SCH-GAMEDEV\SPACE-BLASTER---X\VS2012\RELEASE\GLOBALS.OBJ
E:\BME\SCH-GAMEDEV\SPACE-BLASTER---X\VS2012\RELEASE\GAMEOBJECT.OBJ
E:\BME\SCH-GAMEDEV\SPACE-BLASTER---X\VS2012\RELEASE\GAME.OBJ
E:\BME\SCH-GAMEDEV\SPACE-BLASTER---X\VS2012\RELEASE\COLLUSION.OBJ
E:\BME\SCH-GAMEDEV\SPACE-BLASTER---X\VS2012\RELEASE\BULLET.OBJ
E:\BME\SCH-GAMEDEV\SPACE-BLASTER---X\VS2012\RELEASE\ZOMBI.OBJ
E:\BME\SCH-GAMEDEV\SPACE-BLASTER---X\VS2012\RELEASE\MOVIESTATE.OBJ
E:\BME\SCH-GAMEDEV\SPACE-BLASTER---X\VS2012\RELEASE\BUTTOM.OBJ
E:\BME\SCH-GAMEDEV\SPACE-BLASTER---X\VS2012\RELEASE\RANDOM.OBJ
E:\BME\SCH-GAMEDEV\SPACE-BLASTER---X\VS2012\RELEASE\MAIN.OBJ
E:\BME\SCH-GAMEDEV\SPACE-BLASTER---X\VS2012\RELEASE\LOGFILE.OBJ
E:\BME\SCH-GAMEDEV\SPACE-BLASTER---X\VS2012\RELEASE\VC110.PDB
E:\BME\SCH-GAMEDEV\SPACE-BLASTER---X\VS2012\RELEASE\ZOMBISCH.EXE
E:\BME\SCH-GAMEDEV\SPACE-BLASTER---X\VS2012\RELEASE\ZOMBISCH.PDB
E:\BME\SCH-GameDev\Space-Blaster---X\vs2012\Release\bullet.obj
E:\BME\SCH-GameDev\Space-Blaster---X\vs2012\Release\Buttom.obj
E:\BME\SCH-GameDev\Space-Blaster---X\vs2012\Release\Collusion.obj
E:\BME\SCH-GameDev\Space-Blaster---X\vs2012\Release\game.obj
E:\BME\SCH-GameDev\Space-Blaster---X\vs2012\Release\GameObject.obj
E:\BME\SCH-GameDev\Space-Blaster---X\vs2012\Release\Globals.obj
E:\BME\SCH-GameDev\Space-Blaster---X\vs2012\Release\inGameState.obj
E:\BME\SCH-GameDev\Space-Blaster---X\vs2012\Release\logfile.obj
E:\BME\SCH-GameDev\Space-Blaster---X\vs2012\Release\main.obj
E:\BME\SCH-GameDev\Space-Blaster---X\vs2012\Release\MenuState.obj
E:\BME\SCH-GameDev\Space-Blaster---X\vs2012\Release\MovieState.obj
E:\BME\SCH-GameDev\Space-Blaster---X\vs2012\Release\player.obj
E:\BME\SCH-GameDev\Space-Blaster---X\vs2012\Release\Random.obj
E:\BME\SCH-GameDev\Space-Blaster---X\vs2012\Release\Window.obj
E:\BME\SCH-GameDev\Space-Blaster---X\vs2012\Release\Zombi.obj
E:\BME\SCH-GameDev\Space-Blaster---X\vs2012\Release\cl.command.1.tlog
E:\BME\SCH-GameDev\Space-Blaster---X\vs2012\Release\CL.read.1.tlog
E:\BME\SCH-GameDev\Space-Blaster---X\vs2012\Release\CL.write.1.tlog
E:\BME\SCH-GameDev\Space-Blaster---X\vs2012\Release\link-cvtres.read.1.tlog
E:\BME\SCH-GameDev\Space-Blaster---X\vs2012\Release\link-cvtres.write.1.tlog
E:\BME\SCH-GameDev\Space-Blaster---X\vs2012\Release\link-rc.read.1.tlog
E:\BME\SCH-GameDev\Space-Blaster---X\vs2012\Release\link-rc.write.1.tlog
E:\BME\SCH-GameDev\Space-Blaster---X\vs2012\Release\link.command.1.tlog
E:\BME\SCH-GameDev\Space-Blaster---X\vs2012\Release\link.read.1.tlog
E:\BME\SCH-GameDev\Space-Blaster---X\vs2012\Release\link.write.1.tlog
E:\BME\SCH-GameDev\Space-Blaster---X\vs2012\Release\vc110.pdb
E:\BME\SCH-GameDev\Space-Blaster---X\vs2012\Release\Zombisch.pdb
E:\BME\SCH-GameDev\Space-Blaster---X\vs2012\Release\Zombisch.exe
